This file contains any messages produced by compilers while
running configure, to aid debugging if configure makes a mistake.

It was created by LLVM configure 3.2svn, which was
generated by GNU Autoconf 2.60.  Invocation command line was

  $ ./configure 

## --------- ##
## Platform. ##
## --------- ##

hostname = kawa
uname -m = x86_64
uname -r = 23.6.0
uname -s = Darwin
uname -v = Darwin Kernel Version 23.6.0: Thu Mar  6 21:58:03 PST 2025; root:xnu-10063.141.1.704.6~1/RELEASE_X86_64

/usr/bin/uname -p = i386
/bin/uname -X     = unknown

/bin/arch              = unknown
/usr/bin/arch -k       = unknown
/usr/convex/getsysinfo = unknown
/usr/bin/hostinfo      = Mach kernel version:
	 Darwin Kernel Version 23.6.0: Thu Mar  6 21:58:03 PST 2025; root:xnu-10063.141.1.704.6~1/RELEASE_X86_64
Kernel configured for up to 16 processors.
8 processors are physically available.
16 processors are logically available.
Processor type: x86_64h (Intel x86-64h Haswell)
Processors active: 0 1 2 3 4 5 6 7 8 9 10 11 12 13 14 15
Primary memory available: 32.00 gigabytes
Default processor set: 744 tasks, 2982 threads, 16 processors
Load average: 1.79, Mach factor: 14.20
/bin/machine           = unknown
/usr/bin/oslevel       = unknown
/bin/universe          = unknown

PATH: /usr/local/bin
PATH: /usr/local/sbin
PATH: /System/Cryptexes/App/usr/bin
PATH: /usr/bin
PATH: /bin
PATH: /usr/sbin
PATH: /sbin
PATH: /var/run/com.apple.security.cryptexd/codex.system/bootstrap/usr/local/bin
PATH: /var/run/com.apple.security.cryptexd/codex.system/bootstrap/usr/bin
PATH: /var/run/com.apple.security.cryptexd/codex.system/bootstrap/usr/appleinternal/bin
PATH: /Library/Apple/usr/bin
PATH: /Applications/VMware Fusion.app/Contents/Public


## ----------- ##
## Core tests. ##
## ----------- ##

configure:2024: checking for clang
configure:2040: found /usr/bin/clang
configure:2051: result: clang
configure:2087: checking for C compiler version
configure:2094: clang --version >&5
Apple clang version 16.0.0 (clang-1600.0.26.3)
Target: x86_64-apple-darwin23.6.0
Thread model: posix
InstalledDir: /Library/Developer/CommandLineTools/usr/bin
configure:2097: $? = 0
configure:2104: clang -v >&5
Apple clang version 16.0.0 (clang-1600.0.26.3)
Target: x86_64-apple-darwin23.6.0
Thread model: posix
InstalledDir: /Library/Developer/CommandLineTools/usr/bin
configure:2107: $? = 0
configure:2114: clang -V >&5
clang: error: argument to '-V' is missing (expected 1 value)
clang: error: no input files
configure:2117: $? = 1
configure:2140: checking for C compiler default output file name
configure:2167: clang    conftest.c  >&5
configure:2170: $? = 0
configure:2216: result: a.out
configure:2221: checking whether the C compiler works
configure:2231: ./a.out
configure:2234: $? = 0
configure:2251: result: yes
configure:2258: checking whether we are cross compiling
configure:2260: result: no
configure:2263: checking for suffix of executables
configure:2270: clang -o conftest    conftest.c  >&5
configure:2273: $? = 0
configure:2297: result: 
configure:2303: checking for suffix of object files
configure:2329: clang -c   conftest.c >&5
configure:2332: $? = 0
configure:2355: result: o
configure:2359: checking whether we are using the GNU C compiler
configure:2388: clang -c   conftest.c >&5
configure:2394: $? = 0
configure:2401: test -z "$ac_c_werror_flag" || test ! -s conftest.err
configure:2404: $? = 0
configure:2411: test -s conftest.o
configure:2414: $? = 0
configure:2428: result: yes
configure:2433: checking whether clang accepts -g
configure:2463: clang -c -g  conftest.c >&5
configure:2469: $? = 0
configure:2476: test -z "$ac_c_werror_flag" || test ! -s conftest.err
configure:2479: $? = 0
configure:2486: test -s conftest.o
configure:2489: $? = 0
configure:2619: result: yes
configure:2636: checking for clang option to accept ISO C89
configure:2710: clang  -c -g -O2  conftest.c >&5
conftest.c:17:14: warning: a function definition without a prototype is deprecated in all versions of C and is not supported in C2x [-Wdeprecated-non-prototype]
   17 | static char *e (p, i)
      |              ^
1 warning generated.
configure:2716: $? = 0
configure:2723: test -z "$ac_c_werror_flag" || test ! -s conftest.err
configure:2726: $? = 0
configure:2733: test -s conftest.o
configure:2736: $? = 0
configure:2756: result: none needed
configure:2832: checking for clang++
configure:2848: found /usr/bin/clang++
configure:2859: result: clang++
configure:2890: checking for C++ compiler version
configure:2897: clang++ --version >&5
Apple clang version 16.0.0 (clang-1600.0.26.3)
Target: x86_64-apple-darwin23.6.0
Thread model: posix
InstalledDir: /Library/Developer/CommandLineTools/usr/bin
configure:2900: $? = 0
configure:2907: clang++ -v >&5
Apple clang version 16.0.0 (clang-1600.0.26.3)
Target: x86_64-apple-darwin23.6.0
Thread model: posix
InstalledDir: /Library/Developer/CommandLineTools/usr/bin
configure:2910: $? = 0
configure:2917: clang++ -V >&5

## ---------------- ##
## Cache variables. ##
## ---------------- ##

ac_cv_c_compiler_gnu=yes
ac_cv_env_CCC_set=
ac_cv_env_CCC_value=
ac_cv_env_CC_set=
ac_cv_env_CC_value=
ac_cv_env_CFLAGS_set=
ac_cv_env_CFLAGS_value=
ac_cv_env_CPPFLAGS_set=
ac_cv_env_CPPFLAGS_value=
ac_cv_env_CPP_set=
ac_cv_env_CPP_value=
ac_cv_env_CXXFLAGS_set=
ac_cv_env_CXXFLAGS_value=
ac_cv_env_CXX_set=
ac_cv_env_CXX_value=
ac_cv_env_LDFLAGS_set=
ac_cv_env_LDFLAGS_value=
ac_cv_env_build_alias_set=
ac_cv_env_build_alias_value=
ac_cv_env_host_alias_set=
ac_cv_env_host_alias_value=
ac_cv_env_target_alias_set=
ac_cv_env_target_alias_value=
ac_cv_objext=o
ac_cv_prog_ac_ct_CC=clang
ac_cv_prog_ac_ct_CXX=clang++
ac_cv_prog_cc_c89=
ac_cv_prog_cc_g=yes

## ----------------- ##
## Output variables. ##
## ----------------- ##

ALL_BINDINGS=''
AR=''
ARCH=''
BINDINGS_TO_BUILD=''
BINPWD=''
BINUTILS_INCDIR=''
BUILD_CC=''
BUILD_CXX=''
BUILD_EXEEXT=''
BZIP2=''
CAT=''
CC='clang'
CFLAGS='-g -O2'
CIRCO=''
CLANG_SRC_ROOT=''
CMP=''
CONVENIENCE_LTDL_FALSE=''
CONVENIENCE_LTDL_TRUE=''
COVERED_SWITCH_DEFAULT=''
CP=''
CPP=''
CPPFLAGS=''
CVSBUILD=''
CXX='clang++'
CXXFLAGS=''
DATE=''
DEBUG_RUNTIME=''
DEBUG_SYMBOLS=''
DEFS=''
DISABLE_ASSERTIONS=''
DOT=''
DOTTY=''
DOXYGEN=''
ECHO_C='ECHO_N=''
ECHO_T=''
EGREP=''
ENABLE_CXX11=''
ENABLE_DOCS=''
ENABLE_DOXYGEN=''
ENABLE_EMBED_STDCXX=''
ENABLE_EXPENSIVE_CHECKS=''
ENABLE_LIBCPP=''
ENABLE_OPTIMIZED=''
ENABLE_PIC=''
ENABLE_POLLY=''
ENABLE_PROFILING=''
ENABLE_PTHREADS=''
ENABLE_SHARED=''
ENABLE_TIMESTAMPS=''
ENABLE_VISIBILITY_INLINES_HIDDEN=''
ENABLE_WERROR=''
ENDIAN=''
EXEEXT=''
EXPENSIVE_CHECKS=''
EXTRA_LD_OPTIONS=''
EXTRA_OPTIONS=''
FDP=''
FIND=''
GAS=''
GRAPHVIZ=''
GREP=''
GROFF=''
GV=''
GZIPBIN=''
HAVE_LINK_VERSION_SCRIPT=''
HAVE_PTHREAD=''
HOST_ARCH=''
HOST_OS=''
HUGE_VAL_SANITY=''
INSTALL_DATA=''
INSTALL_LTDL_FALSE=''
INSTALL_LTDL_TRUE=''
INSTALL_PROGRAM=''
INSTALL_SCRIPT=''
INTERNAL_PREFIX=''
JIT=''
KEEP_SYMBOLS=''
LDFLAGS=''
LIBADD_DL=''
LIBOBJS=''
LIBS=''
LIBXML2_INC=''
LIBXML2_LIBS=''
LINKALL=''
LLVM_BINDIR=''
LLVM_CONFIGTIME=''
LLVM_COPYRIGHT='Copyright (c) 2003-2012 University of Illinois at Urbana-Champaign.'
LLVM_CROSS_COMPILING=''
LLVM_DATADIR=''
LLVM_DOCSDIR=''
LLVM_ENABLE_THREADS=''
LLVM_ENUM_ASM_PARSERS=''
LLVM_ENUM_ASM_PRINTERS=''
LLVM_ENUM_DISASSEMBLERS=''
LLVM_ENUM_TARGETS=''
LLVM_ETCDIR=''
LLVM_HAS_POLLY=''
LLVM_INCLUDEDIR=''
LLVM_INFODIR=''
LLVM_LIBDIR=''
LLVM_MANDIR=''
LLVM_ON_UNIX=''
LLVM_ON_WIN32=''
LLVM_PREFIX=''
LN_S=''
LTLIBOBJS=''
MKDIR=''
MMAP_FILE=''
MV=''
NEATO=''
NM=''
NOLINKALL=''
NO_MISSING_FIELD_INITIALIZERS=''
NO_VARIADIC_MACROS=''
OBJEXT='o'
OCAMLC=''
OCAMLDEP=''
OCAMLDOC=''
OCAMLOPT=''
OCAML_LIBDIR=''
OPTIMIZE_OPTION=''
OS=''
PACKAGE_BUGREPORT='http://llvm.org/bugs/'
PACKAGE_NAME='LLVM'
PACKAGE_STRING='LLVM 3.2svn'
PACKAGE_TARNAME='llvm'
PACKAGE_VERSION='3.2svn'
PATH_SEPARATOR=':'
PDFROFF=''
RANLIB=''
RDYNAMIC=''
RM=''
RPATH=''
SED=''
SHELL='/bin/sh'
SHLIBEXT=''
SHLIBPATH_VAR=''
TAR=''
TARGETS_TO_BUILD=''
TARGET_HAS_JIT=''
TARGET_OS=''
TWOPI=''
USE_INTEL_JITEVENTS=''
USE_OPROFILE=''
USE_UDIS86=''
XDOT_PY=''
XML2CONFIG=''
ZIP=''
ac_ct_CC='clang'
ac_ct_CXX='clang++'
bindir='${exec_prefix}/bin'
build=''
build_alias=''
build_cpu=''
build_os=''
build_vendor=''
datadir='${datarootdir}'
datarootdir='${prefix}/share'
docdir='${datarootdir}/doc/${PACKAGE_TARNAME}'
dvidir='${docdir}'
exec_prefix='NONE'
host=''
host_alias=''
host_cpu=''
host_os=''
host_vendor=''
htmldir='${docdir}'
ifGNUmake=''
includedir='${prefix}/include'
infodir='${datarootdir}/info'
libdir='${exec_prefix}/lib'
libexecdir='${exec_prefix}/libexec'
localedir='${datarootdir}/locale'
localstatedir='${prefix}/var'
mandir='${datarootdir}/man'
oldincludedir='/usr/include'
pdfdir='${docdir}'
prefix='NONE'
program_prefix='NONE'
program_transform_name='s,x,x,'
psdir='${docdir}'
sbindir='${exec_prefix}/sbin'
sharedstatedir='${prefix}/com'
subdirs=''
sysconfdir='${prefix}/etc'
target=''
target_alias=''
target_cpu=''
target_os=''
target_vendor=''

## ----------- ##
## confdefs.h. ##
## ----------- ##

#define PACKAGE_NAME "LLVM"
#define PACKAGE_TARNAME "llvm"
#define PACKAGE_VERSION "3.2svn"
#define PACKAGE_STRING "LLVM 3.2svn"
#define PACKAGE_BUGREPORT "http://llvm.org/bugs/"
#define LLVM_VERSION_MAJOR 3
#define LLVM_VERSION_MINOR 2

configure: caught signal 2
configure: exit 1
